2025-09-24 18:15:29,510 [DEBUG] CloudFormation client initialized with endpoint https://cloudformation.us-west-2.amazonaws.com
2025-09-24 18:15:29,510 [DEBUG] SQS client initialized with endpoint https://sqs.us-west-2.amazonaws.com
2025-09-24 18:15:29,511 [DEBUG] CloudFormation client initialized with endpoint https://cloudformation.us-west-2.amazonaws.com
2025-09-24 18:15:29,511 [DEBUG] Enabled single threading mode.
2025-09-24 18:15:29,511 [DEBUG] Creating /var/lib/cfn-hup/data
2025-09-24 18:15:29,529 [INFO] No umask value specified in config file. Using the default one: 0o22
2025-09-24 18:15:29,594 [INFO] Pid: 1785
2025-09-24 18:15:31,560 [INFO] Refreshing listener credentials
2025-09-24 18:15:31,632 [INFO] Scheduling next credential refresh in 1799.0 seconds
2025-09-24 18:17:24,746 [INFO] Received command ElasticBeanstalkCommand-AWSEBAutoScalingGroup (invocation id: 22f9f0aa-fdaf-4004-8a91-720e5694cc18)
2025-09-24 18:17:24,746 [INFO] Running action for aws-eb-command-handler
2025-09-24 18:17:41,758 [INFO] Action for aws-eb-command-handler succeeded, returning SUCCESS
2025-09-24 18:20:42,166 [INFO] command processing is alive.
2025-09-24 18:20:42,844 [INFO] Received command ElasticBeanstalkCommand-AWSEBAutoScalingGroup (invocation id: cdb994cb-1e0a-4d36-8e8c-1c58f57e9f8d)
2025-09-24 18:20:42,845 [INFO] Running action for aws-eb-command-handler
2025-09-24 18:20:54,087 [INFO] Action for aws-eb-command-handler succeeded, returning SUCCESS
2025-09-24 18:25:54,585 [INFO] command processing is alive.
2025-09-24 18:30:55,003 [INFO] command processing is alive.
2025-09-24 18:35:55,426 [INFO] command processing is alive.
2025-09-24 18:40:55,843 [INFO] command processing is alive.
2025-09-24 18:45:30,633 [INFO] Refreshing listener credentials
2025-09-24 18:45:30,716 [INFO] Scheduling next credential refresh in 1799.0 seconds
2025-09-24 18:45:56,248 [INFO] command processing is alive.
2025-09-24 18:50:56,672 [INFO] command processing is alive.
2025-09-24 18:52:42,515 [INFO] Received command ElasticBeanstalkCommand-AWSEBAutoScalingGroup (invocation id: 1543ac35-009a-431f-a346-7c39cedc2ac0)
2025-09-24 18:52:42,515 [INFO] Running action for aws-eb-command-handler
2025-09-24 18:52:54,262 [INFO] Action for aws-eb-command-handler succeeded, returning SUCCESS
2025-09-24 18:56:14,682 [INFO] command processing is alive.
2025-09-24 18:58:07,671 [INFO] Received command ElasticBeanstalkCommand-AWSEBAutoScalingGroup (invocation id: 2435fa25-bf14-4d66-855d-c3775447d44e)
2025-09-24 18:58:07,672 [INFO] Running action for aws-eb-command-handler
2025-09-24 18:58:08,423 [INFO] Action for aws-eb-command-handler succeeded, returning SUCCESS
2025-09-24 18:59:51,686 [INFO] Received command ElasticBeanstalkCommand-AWSEBAutoScalingGroup (invocation id: 72cfb258-5d9d-4584-8c6f-fd5262c9985f)
2025-09-24 18:59:51,687 [INFO] Running action for aws-eb-command-handler
2025-09-24 19:00:06,433 [INFO] Action for aws-eb-command-handler succeeded, returning SUCCESS
2025-09-24 19:01:26,647 [INFO] command processing is alive.
2025-09-24 19:01:31,369 [INFO] Received command ElasticBeanstalkCommand-AWSEBAutoScalingGroup (invocation id: ff7a78e4-768b-468a-9109-219024cff693)
2025-09-24 19:01:31,369 [INFO] Running action for aws-eb-command-handler
