2025/09/24 18:15:27.459937 [INFO] Starting...
2025/09/24 18:15:27.459978 [INFO] Starting EBPlatform-PlatformEngine
2025/09/24 18:15:27.460215 [INFO] reading event message file
2025/09/24 18:15:27.460522 [INFO] Engine received EB command userdata-exec

2025/09/24 18:15:27.473824 [INFO] Running command: /opt/aws/bin/cfn-get-metadata -s arn:aws:cloudformation:us-west-2:948638133244:stack/awseb-e-etjenpq7cz-stack/50974de0-9972-11f0-8572-06f2200f3a75 -r AWSEBAutoScalingGroup --region us-west-2
2025/09/24 18:15:27.793760 [INFO] Running command: /opt/aws/bin/cfn-get-metadata -s arn:aws:cloudformation:us-west-2:948638133244:stack/awseb-e-etjenpq7cz-stack/50974de0-9972-11f0-8572-06f2200f3a75 -r AWSEBBeanstalkMetadata --region us-west-2
2025/09/24 18:15:28.136704 [INFO] This is a workflow controlled instance.
2025/09/24 18:15:28.136792 [INFO] Engine command: (env-launch)

2025/09/24 18:15:28.137124 [INFO] Executing instruction: SyncClock
2025/09/24 18:15:28.137129 [INFO] Starting SyncClock
2025/09/24 18:15:28.137137 [INFO] Running command: /usr/bin/chronyc tracking
2025/09/24 18:15:28.140345 [INFO] Reference ID    : 00000000 ()
Stratum         : 0
Ref time (UTC)  : Thu Jan 01 00:00:00 1970
System time     : 0.000000000 seconds slow of NTP time
Last offset     : +0.000000000 seconds
RMS offset      : 0.000000000 seconds
Frequency       : 20.828 ppm slow
Residual freq   : +0.000 ppm
Skew            : 0.000 ppm
Root delay      : 1.000000000 seconds
Root dispersion : 1.000000000 seconds
Update interval : 0.0 seconds
Leap status     : Not synchronised

2025/09/24 18:15:28.140364 [INFO] Running command: /usr/bin/chronyc -a makestep
2025/09/24 18:15:28.143000 [INFO] 200 OK

2025/09/24 18:15:28.143437 [INFO] Skipping Configure OS
2025/09/24 18:15:28.143450 [INFO] Skipping LockRepo
2025/09/24 18:15:28.143454 [INFO] Skipping GenerateEBBanner
2025/09/24 18:15:28.143458 [INFO] Skipping Install Process Manager
2025/09/24 18:15:28.143462 [INFO] Skipping install syslog
2025/09/24 18:15:28.143466 [INFO] Skipping install cron
2025/09/24 18:15:28.143469 [INFO] Skipping install proxy
2025/09/24 18:15:28.143473 [INFO] Skipping installhealthd
2025/09/24 18:15:28.143476 [INFO] Skipping Install Log Streaming Manager
2025/09/24 18:15:28.143480 [INFO] Skipping install X-Ray
2025/09/24 18:15:28.143484 [INFO] Skipping install Third Party License
2025/09/24 18:15:28.143487 [INFO] Skipping install httpd
2025/09/24 18:15:28.143492 [INFO] Instance has NOT been bootstrapped
2025/09/24 18:15:28.143494 [INFO] Executing instruction: installSqsd
2025/09/24 18:15:28.143497 [INFO] This is a web server environment instance, skip install sqsd daemon ...
2025/09/24 18:15:28.143501 [INFO] Instance has NOT been bootstrapped
2025/09/24 18:15:28.143503 [INFO] Executing instruction: bootstraphealthd
2025/09/24 18:15:28.143506 [INFO] this is an enhanced health env ...
2025/09/24 18:15:28.143517 [INFO] bootstrap healthd....
2025/09/24 18:15:28.143527 [INFO] Running command: /usr/bin/id -u healthd || /usr/sbin/useradd --user-group healthd -s /sbin/nologin --create-home
2025/09/24 18:15:28.335849 [INFO] /usr/bin/id: ‘healthd’: no such user

2025/09/24 18:15:28.336461 [INFO] bootstrap healthd....
2025/09/24 18:15:28.336478 [INFO] Running command: /usr/bin/id -u healthd || /usr/sbin/useradd --user-group healthd -s /sbin/nologin --create-home
2025/09/24 18:15:28.339551 [INFO] 1001

2025/09/24 18:15:28.339825 [INFO] configure bundle log for healthd...
2025/09/24 18:15:28.339888 [INFO] Executing instruction: GetSetupProxyLog
2025/09/24 18:15:28.339961 [INFO] Skipping Install yum packages
2025/09/24 18:15:28.339968 [INFO] Skipping Install default nodejs
2025/09/24 18:15:28.339972 [INFO] Skipping MarkBaked
2025/09/24 18:15:28.339977 [INFO] Instance has NOT been bootstrapped
2025/09/24 18:15:28.339979 [INFO] Executing instruction: TuneSystemSettings
2025/09/24 18:15:28.339981 [INFO] Starting TuneSystemSettings
2025/09/24 18:15:28.339984 [INFO] Instance has NOT been bootstrapped
2025/09/24 18:15:28.352594 [INFO] Executing instruction: GetSetupLogRotate
2025/09/24 18:15:28.352602 [INFO] Initialize LogRotate files and directories
2025/09/24 18:15:28.361334 [INFO] Instance has NOT been bootstrapped
2025/09/24 18:15:28.361359 [INFO] Executing instruction: BootstrapCFNHup
2025/09/24 18:15:28.361362 [INFO] Bootstrap cfn-hup
2025/09/24 18:15:28.362361 [INFO] Copying file /opt/elasticbeanstalk/config/private/aws-eb-command-handler.conf to /etc/cfn/hooks.d/aws-eb-command-handler.conf
2025/09/24 18:15:28.363388 [INFO] Executing instruction: StartCFNHup
2025/09/24 18:15:28.363395 [INFO] Start cfn-hup
2025/09/24 18:15:28.363411 [INFO] Running command: systemctl show -p PartOf cfn-hup.service
2025/09/24 18:15:28.385816 [INFO] cfn-hup is not registered with EB yet, registering it now
2025/09/24 18:15:28.385854 [INFO] Running command: systemctl show -p PartOf cfn-hup.service
2025/09/24 18:15:28.401416 [INFO] Running command: systemctl daemon-reload
2025/09/24 18:15:28.620651 [INFO] Running command: systemctl reset-failed
2025/09/24 18:15:28.630642 [INFO] Running command: systemctl is-enabled aws-eb.target
2025/09/24 18:15:28.638613 [INFO] Running command: systemctl enable aws-eb.target
2025/09/24 18:15:28.878479 [INFO] Running command: systemctl start aws-eb.target
2025/09/24 18:15:28.887898 [INFO] Running command: systemctl enable cfn-hup.service
2025/09/24 18:15:29.109562 [INFO] Created symlink /etc/systemd/system/multi-user.target.wants/cfn-hup.service → /etc/systemd/system/cfn-hup.service.

2025/09/24 18:15:29.109586 [INFO] Running command: systemctl is-active cfn-hup.service
2025/09/24 18:15:29.118355 [INFO] cfn-hup process is not running, starting it now
2025/09/24 18:15:29.118385 [INFO] Running command: systemctl show -p PartOf cfn-hup.service
2025/09/24 18:15:29.128723 [INFO] Running command: systemctl is-active cfn-hup.service
2025/09/24 18:15:29.136654 [INFO] Running command: systemctl start cfn-hup.service
2025/09/24 18:15:29.200060 [INFO] Instance has NOT been bootstrapped
2025/09/24 18:15:29.200079 [INFO] Executing instruction: SetupPublishLogCronjob
2025/09/24 18:15:29.200082 [INFO] Setup publish logs cron job...
2025/09/24 18:15:29.200088 [INFO] Copying file /opt/elasticbeanstalk/config/private/logtasks/cron/publishlogs to /etc/cron.d/publishlogs
2025/09/24 18:15:29.201930 [INFO] Instance has NOT been bootstrapped
2025/09/24 18:15:29.201940 [INFO] Executing instruction: MarkBootstrapped
2025/09/24 18:15:29.201944 [INFO] Starting MarkBootstrapped
2025/09/24 18:15:29.201960 [INFO] Instance has NOT been bootstrapped
2025/09/24 18:15:29.202039 [INFO] Marked instance as Bootstrapped
2025/09/24 18:15:29.202043 [INFO] Executing instruction: Save CFN Stack Info
2025/09/24 18:15:29.202104 [INFO] Executing cleanup logic
2025/09/24 18:15:29.202114 [INFO] Platform Engine finished execution on command: env-launch

2025/09/24 18:17:24.755474 [INFO] Starting...
2025/09/24 18:17:24.755531 [INFO] Starting EBPlatform-PlatformEngine
2025/09/24 18:17:24.755553 [INFO] reading event message file
2025/09/24 18:17:24.755892 [INFO] Engine received EB command cfn-hup-exec

2025/09/24 18:17:24.823648 [INFO] Running command: /opt/aws/bin/cfn-get-metadata -s arn:aws:cloudformation:us-west-2:948638133244:stack/awseb-e-etjenpq7cz-stack/50974de0-9972-11f0-8572-06f2200f3a75 -r AWSEBAutoScalingGroup --region us-west-2
2025/09/24 18:17:25.110834 [INFO] Running command: /opt/aws/bin/cfn-get-metadata -s arn:aws:cloudformation:us-west-2:948638133244:stack/awseb-e-etjenpq7cz-stack/50974de0-9972-11f0-8572-06f2200f3a75 -r AWSEBBeanstalkMetadata --region us-west-2
2025/09/24 18:17:25.412231 [INFO] checking whether command app-deploy is applicable to this instance...
2025/09/24 18:17:25.412242 [INFO] this command is applicable to the instance, thus instance should execute command
2025/09/24 18:17:25.412245 [INFO] Engine command: (app-deploy)

2025/09/24 18:17:25.412248 [INFO] Downloading EB Application...
2025/09/24 18:17:25.412250 [INFO] Region: us-west-2
2025/09/24 18:17:25.412252 [INFO] envID: e-etjenpq7cz
2025/09/24 18:17:25.412255 [INFO] envBucket: elasticbeanstalk-us-west-2-948638133244
2025/09/24 18:17:25.412257 [INFO] accountID: 948638133244
2025/09/24 18:17:25.412264 [INFO] Using manifest file name from command request
2025/09/24 18:17:25.412269 [INFO] Unable to get version manifest file.
2025/09/24 18:17:25.412271 [INFO] Downloading latest manifest available.
2025/09/24 18:17:25.412273 [INFO] Download latest app version manifest
2025/09/24 18:17:25.412412 [INFO] resources/environments/e-etjenpq7cz/_runtime/versions/manifest
2025/09/24 18:17:25.457213 [INFO] latestManifest key *: resources/environments/e-etjenpq7cz/_runtime/versions/manifest_1758737670094

2025/09/24 18:17:25.457558 [INFO] Downloading: bucket: elasticbeanstalk-us-west-2-948638133244, object: resources/environments/e-etjenpq7cz/_runtime/versions/manifest_1758737670094, expected bucket owner: 948638133244
2025/09/24 18:17:25.531181 [INFO] Download successful148bytes downloaded
2025/09/24 18:17:25.531271 [INFO] Trying to read and parse version manifest...
2025/09/24 18:17:25.531353 [INFO] Downloading: bucket: elasticbeanstalk-us-west-2-948638133244, object: resources/environments/e-etjenpq7cz/_runtime/_versions/solar/app-44ac-250924_234419738729, expected bucket owner: 948638133244
2025/09/24 18:17:25.562302 [INFO] Download successful29085bytes downloaded
2025/09/24 18:17:25.562582 [INFO] Executing instruction: ElectLeader
2025/09/24 18:17:25.562589 [INFO] Running leader election for instance i-04332c0061508fa1d...
2025/09/24 18:17:25.562591 [INFO] Calling the cfn-elect-cmd-leader to elect the command leader.
2025/09/24 18:17:25.562610 [INFO] Running command: /opt/aws/bin/cfn-elect-cmd-leader --stack arn:aws:cloudformation:us-west-2:948638133244:stack/awseb-e-etjenpq7cz-stack/50974de0-9972-11f0-8572-06f2200f3a75 --command-name ElasticBeanstalkCommand-AWSEBAutoScalingGroup --invocation-id 22f9f0aa-fdaf-4004-8a91-720e5694cc18 --listener-id i-04332c0061508fa1d --region us-west-2
2025/09/24 18:17:25.870357 [INFO] Instance is Leader.
2025/09/24 18:17:25.870401 [INFO] Executing instruction: stopSqsd
2025/09/24 18:17:25.870407 [INFO] This is a web server environment instance, skip stop sqsd daemon ...
2025/09/24 18:17:25.870411 [INFO] Executing instruction: PreBuildEbExtension
2025/09/24 18:17:25.870415 [INFO] Starting executing the config set Infra-EmbeddedPreBuild.
2025/09/24 18:17:25.870431 [INFO] Running command: /opt/aws/bin/cfn-init -s arn:aws:cloudformation:us-west-2:948638133244:stack/awseb-e-etjenpq7cz-stack/50974de0-9972-11f0-8572-06f2200f3a75 -r AWSEBAutoScalingGroup --region us-west-2 --configsets Infra-EmbeddedPreBuild
2025/09/24 18:17:26.179920 [INFO] Finished executing the config set Infra-EmbeddedPreBuild.

2025/09/24 18:17:26.179944 [INFO] Executing instruction: StageApplication
2025/09/24 18:17:26.179947 [INFO] Recreating /var/app/staging/
2025/09/24 18:17:26.180094 [INFO] extracting /opt/elasticbeanstalk/deployment/app_source_bundle to /var/app/staging/
2025/09/24 18:17:26.180106 [INFO] Running command: /usr/bin/unzip -q -o /opt/elasticbeanstalk/deployment/app_source_bundle -d /var/app/staging/
2025/09/24 18:17:26.185508 [INFO] finished extracting /opt/elasticbeanstalk/deployment/app_source_bundle to /var/app/staging/ successfully
2025/09/24 18:17:26.186143 [INFO] Executing instruction: RunAppDeployPreBuildHooks
2025/09/24 18:17:26.186195 [INFO] Executing platform hooks in .platform/hooks/prebuild/
2025/09/24 18:17:26.186209 [INFO] The dir .platform/hooks/prebuild/ does not exist
2025/09/24 18:17:26.186212 [INFO] Finished running scripts in /var/app/staging/.platform/hooks/prebuild
2025/09/24 18:17:26.186216 [INFO] Executing instruction: Install customer specified node.js version
2025/09/24 18:17:26.186307 [INFO] Executing instruction: Use NPM to install dependencies
2025/09/24 18:17:26.186316 [INFO] use npm to install dependencies
2025/09/24 18:17:26.186332 [INFO] Getting npm verison
2025/09/24 18:17:26.186340 [INFO] Running command: npm --version
2025/09/24 18:17:30.982717 [INFO] 10.9.3

2025/09/24 18:17:30.982745 [INFO] Using npm v10
2025/09/24 18:17:30.982769 [INFO] Running command: /bin/su webapp -c npm --omit=dev install
2025/09/24 18:17:36.379271 [INFO] 
added 133 packages, and audited 134 packages in 5s

20 packages are looking for funding
  run `npm fund` for details

found 0 vulnerabilities

2025/09/24 18:17:36.379295 [INFO] npm notice
npm notice New major version of npm available! 10.9.3 -> 11.6.0
npm notice Changelog: https://github.com/npm/cli/releases/tag/v11.6.0
npm notice To update run: npm install -g npm@11.6.0
npm notice

2025/09/24 18:17:36.379308 [INFO] Running command: /bin/su webapp -c npm --omit=dev rebuild
2025/09/24 18:17:37.173220 [INFO] rebuilt dependencies successfully

2025/09/24 18:17:37.173242 [INFO] Executing instruction: check Procfile
2025/09/24 18:17:37.173246 [INFO] checking Procfile
2025/09/24 18:17:37.173263 [INFO] no Procfile found, generating Procfile
2025/09/24 18:17:37.173265 [INFO] checking package.json file
2025/09/24 18:17:37.173278 [INFO] found package.json file, using npm to start application
2025/09/24 18:17:37.173408 [INFO] Executing instruction: configure X-Ray
2025/09/24 18:17:37.173412 [INFO] X-Ray is not enabled.
2025/09/24 18:17:37.173415 [INFO] Executing instruction: configure proxy server
2025/09/24 18:17:37.173425 [INFO] Recreating /var/proxy/staging/nginx
2025/09/24 18:17:37.200068 [INFO] Executing instruction: configure healthd specific proxy conf
2025/09/24 18:17:37.202302 [INFO] Running command: systemctl show -p PartOf healthd.service
2025/09/24 18:17:37.215332 [INFO] Running command: systemctl daemon-reload
2025/09/24 18:17:37.451512 [INFO] Running command: systemctl reset-failed
2025/09/24 18:17:37.460555 [INFO] Running command: systemctl is-enabled aws-eb.target
2025/09/24 18:17:37.468381 [INFO] Running command: systemctl enable aws-eb.target
2025/09/24 18:17:37.737002 [INFO] Running command: systemctl start aws-eb.target
2025/09/24 18:17:37.746240 [INFO] Running command: systemctl enable healthd.service
2025/09/24 18:17:38.005909 [INFO] Created symlink /etc/systemd/system/multi-user.target.wants/healthd.service → /etc/systemd/system/healthd.service.

2025/09/24 18:17:38.005944 [INFO] Running command: systemctl show -p PartOf healthd.service
2025/09/24 18:17:38.016983 [INFO] Running command: systemctl is-active healthd.service
2025/09/24 18:17:38.024735 [INFO] Running command: systemctl start healthd.service
2025/09/24 18:17:38.094983 [INFO] Copying file /opt/elasticbeanstalk/config/private/healthd/healthd_logformat.conf to /var/proxy/staging/nginx/conf.d/healthd_logformat.conf
2025/09/24 18:17:38.096615 [INFO] Copying file /opt/elasticbeanstalk/config/private/healthd/healthd_nginx.conf to /var/proxy/staging/nginx/conf.d/elasticbeanstalk/healthd.conf
2025/09/24 18:17:38.097845 [INFO] Executing instruction: configure log streaming
2025/09/24 18:17:38.097856 [INFO] log streaming is not enabled
2025/09/24 18:17:38.097859 [INFO] disable log stream
2025/09/24 18:17:38.097870 [INFO] Running command: systemctl show -p PartOf amazon-cloudwatch-agent.service
2025/09/24 18:17:38.212908 [INFO] Running command: systemctl stop amazon-cloudwatch-agent.service
2025/09/24 18:17:38.226637 [INFO] Executing instruction: GetToggleForceRotate
2025/09/24 18:17:38.226660 [INFO] Checking if logs need forced rotation
2025/09/24 18:17:38.226675 [INFO] Running command: /opt/aws/bin/cfn-get-metadata -s arn:aws:cloudformation:us-west-2:948638133244:stack/awseb-e-etjenpq7cz-stack/50974de0-9972-11f0-8572-06f2200f3a75 -r AWSEBAutoScalingGroup --region us-west-2
2025/09/24 18:17:38.545281 [INFO] Running command: /opt/aws/bin/cfn-get-metadata -s arn:aws:cloudformation:us-west-2:948638133244:stack/awseb-e-etjenpq7cz-stack/50974de0-9972-11f0-8572-06f2200f3a75 -r AWSEBBeanstalkMetadata --region us-west-2
2025/09/24 18:17:38.861642 [INFO] Generating rsyslog config from Procfile
2025/09/24 18:17:38.864146 [INFO] Running command: systemctl restart rsyslog.service
2025/09/24 18:17:39.488554 [INFO] Executing instruction: PostBuildEbExtension
2025/09/24 18:17:39.488574 [INFO] Starting executing the config set Infra-EmbeddedPostBuild.
2025/09/24 18:17:39.488585 [INFO] Running command: /opt/aws/bin/cfn-init -s arn:aws:cloudformation:us-west-2:948638133244:stack/awseb-e-etjenpq7cz-stack/50974de0-9972-11f0-8572-06f2200f3a75 -r AWSEBAutoScalingGroup --region us-west-2 --configsets Infra-EmbeddedPostBuild
2025/09/24 18:17:39.825888 [INFO] Finished executing the config set Infra-EmbeddedPostBuild.

2025/09/24 18:17:39.825964 [INFO] Executing instruction: CleanEbExtensions
2025/09/24 18:17:39.825986 [INFO] Cleaned ebextensions subdirectories from app staging directory.
2025/09/24 18:17:39.825988 [INFO] Executing instruction: RunAppDeployPreDeployHooks
2025/09/24 18:17:39.826006 [INFO] Executing platform hooks in .platform/hooks/predeploy/
2025/09/24 18:17:39.826017 [INFO] The dir .platform/hooks/predeploy/ does not exist
2025/09/24 18:17:39.826020 [INFO] Finished running scripts in /var/app/staging/.platform/hooks/predeploy
2025/09/24 18:17:39.826027 [INFO] Executing instruction: stop X-Ray
2025/09/24 18:17:39.826031 [INFO] stop X-Ray ...
2025/09/24 18:17:39.826042 [INFO] Running command: systemctl show -p PartOf xray.service
2025/09/24 18:17:39.839541 [WARN] stopProcess Warning: process xray is not registered 
2025/09/24 18:17:39.839567 [INFO] Running command: systemctl stop xray.service
2025/09/24 18:17:39.851566 [INFO] Executing instruction: stop proxy
2025/09/24 18:17:39.851593 [INFO] Running command: systemctl show -p PartOf httpd.service
2025/09/24 18:17:39.866444 [WARN] deregisterProcess Warning: process httpd is not registered, skipping...

2025/09/24 18:17:39.866470 [INFO] Running command: systemctl show -p PartOf nginx.service
2025/09/24 18:17:39.879247 [WARN] deregisterProcess Warning: process nginx is not registered, skipping...

2025/09/24 18:17:39.879267 [INFO] Executing instruction: FlipApplication
2025/09/24 18:17:39.879271 [INFO] Fetching environment variables...
2025/09/24 18:17:39.879276 [INFO] setting default port 8080 to application
2025/09/24 18:17:39.879391 [INFO] Purge old process...
2025/09/24 18:17:39.879459 [INFO] Removing /var/app/current/ if it exists
2025/09/24 18:17:39.879466 [INFO] Renaming /var/app/staging/ to /var/app/current/
2025/09/24 18:17:39.879482 [INFO] Register application processes...
2025/09/24 18:17:39.879484 [INFO] Registering the proc: web

2025/09/24 18:17:39.879492 [INFO] Running command: systemctl show -p PartOf web.service
2025/09/24 18:17:39.891382 [INFO] Running command: systemctl daemon-reload
2025/09/24 18:17:40.162179 [INFO] Running command: systemctl reset-failed
2025/09/24 18:17:40.171959 [INFO] Running command: systemctl is-enabled eb-app.target
2025/09/24 18:17:40.180391 [INFO] Copying file /opt/elasticbeanstalk/config/private/aws-eb.target to /etc/systemd/system/eb-app.target
2025/09/24 18:17:40.181736 [INFO] Running command: systemctl enable eb-app.target
2025/09/24 18:17:40.414146 [INFO] Created symlink /etc/systemd/system/multi-user.target.wants/eb-app.target → /etc/systemd/system/eb-app.target.

2025/09/24 18:17:40.414183 [INFO] Running command: systemctl start eb-app.target
2025/09/24 18:17:40.423793 [INFO] Running command: systemctl enable web.service
2025/09/24 18:17:40.711716 [INFO] Created symlink /etc/systemd/system/multi-user.target.wants/web.service → /etc/systemd/system/web.service.

2025/09/24 18:17:40.711754 [INFO] Running command: systemctl show -p PartOf web.service
2025/09/24 18:17:40.724414 [INFO] Running command: systemctl is-active web.service
2025/09/24 18:17:40.732271 [INFO] Running command: systemctl start web.service
2025/09/24 18:17:40.792050 [INFO] Executing instruction: start X-Ray
2025/09/24 18:17:40.792072 [INFO] X-Ray is not enabled.
2025/09/24 18:17:40.792076 [INFO] Executing instruction: start proxy with new configuration
2025/09/24 18:17:40.792101 [INFO] Running command: /usr/sbin/nginx -t -c /var/proxy/staging/nginx/nginx.conf
2025/09/24 18:17:40.923612 [INFO] nginx: [warn] could not build optimal types_hash, you should increase either types_hash_max_size: 1024 or types_hash_bucket_size: 64; ignoring types_hash_bucket_size
nginx: the configuration file /var/proxy/staging/nginx/nginx.conf syntax is ok
nginx: configuration file /var/proxy/staging/nginx/nginx.conf test is successful

2025/09/24 18:17:40.923818 [INFO] Running command: cp -rp /var/proxy/staging/nginx/* /etc/nginx
2025/09/24 18:17:40.930206 [INFO] Running command: systemctl show -p PartOf nginx.service
2025/09/24 18:17:40.952729 [INFO] Running command: systemctl daemon-reload
2025/09/24 18:17:41.442601 [INFO] Running command: systemctl reset-failed
2025/09/24 18:17:41.454275 [INFO] Running command: systemctl show -p PartOf nginx.service
2025/09/24 18:17:41.475464 [INFO] Running command: systemctl is-active nginx.service
2025/09/24 18:17:41.498889 [INFO] Running command: systemctl start nginx.service
2025/09/24 18:17:41.724204 [INFO] Executing instruction: configureSqsd
2025/09/24 18:17:41.724223 [INFO] This is a web server environment instance, skip configure sqsd daemon ...
2025/09/24 18:17:41.724227 [INFO] Executing instruction: startSqsd
2025/09/24 18:17:41.724230 [INFO] This is a web server environment instance, skip start sqsd daemon ...
2025/09/24 18:17:41.724234 [INFO] Executing instruction: Track pids in healthd
2025/09/24 18:17:41.724237 [INFO] This is an enhanced health env...
2025/09/24 18:17:41.724249 [INFO] Running command: systemctl show -p ConsistsOf aws-eb.target | cut -d= -f2
2025/09/24 18:17:41.739796 [INFO] healthd.service nginx.service cfn-hup.service

2025/09/24 18:17:41.739842 [INFO] Running command: systemctl show -p ConsistsOf eb-app.target | cut -d= -f2
2025/09/24 18:17:41.755032 [INFO] web.service

2025/09/24 18:17:41.755434 [INFO] Executing instruction: RunAppDeployPostDeployHooks
2025/09/24 18:17:41.755457 [INFO] Executing platform hooks in .platform/hooks/postdeploy/
2025/09/24 18:17:41.755473 [INFO] The dir .platform/hooks/postdeploy/ does not exist
2025/09/24 18:17:41.755476 [INFO] Finished running scripts in /var/app/current/.platform/hooks/postdeploy
2025/09/24 18:17:41.755484 [INFO] Executing cleanup logic
2025/09/24 18:17:41.755572 [INFO] CommandService Response: {"status":"SUCCESS","api_version":"1.0","results":[{"status":"SUCCESS","msg":"Engine execution has succeeded.","returncode":0,"events":[{"msg":"Instance deployment completed successfully.","timestamp":1758737861755,"severity":"INFO"}]}]}

2025/09/24 18:17:41.755733 [INFO] Platform Engine finished execution on command: app-deploy

2025/09/24 18:20:42.853277 [INFO] Starting...
2025/09/24 18:20:42.853330 [INFO] Starting EBPlatform-PlatformEngine
2025/09/24 18:20:42.853352 [INFO] reading event message file
2025/09/24 18:20:42.853767 [INFO] Engine received EB command cfn-hup-exec

2025/09/24 18:20:42.924423 [INFO] Running command: /opt/aws/bin/cfn-get-metadata -s arn:aws:cloudformation:us-west-2:948638133244:stack/awseb-e-etjenpq7cz-stack/50974de0-9972-11f0-8572-06f2200f3a75 -r AWSEBAutoScalingGroup --region us-west-2
2025/09/24 18:20:43.218263 [INFO] Running command: /opt/aws/bin/cfn-get-metadata -s arn:aws:cloudformation:us-west-2:948638133244:stack/awseb-e-etjenpq7cz-stack/50974de0-9972-11f0-8572-06f2200f3a75 -r AWSEBBeanstalkMetadata --region us-west-2
2025/09/24 18:20:43.509724 [INFO] checking whether command config-deploy is applicable to this instance...
2025/09/24 18:20:43.509738 [INFO] this command is applicable to the instance, thus instance should execute command
2025/09/24 18:20:43.509740 [INFO] Engine command: (config-deploy)

2025/09/24 18:20:43.509744 [INFO] Using manifest file name from command request
2025/09/24 18:20:43.509751 [INFO] Unable to get version manifest file.
2025/09/24 18:20:43.509753 [INFO] Downloading latest manifest available.
2025/09/24 18:20:43.509755 [INFO] Download latest app version manifest
2025/09/24 18:20:43.509894 [INFO] resources/environments/e-etjenpq7cz/_runtime/versions/manifest
2025/09/24 18:20:43.549438 [INFO] latestManifest key *: resources/environments/e-etjenpq7cz/_runtime/versions/manifest_1758738021709

2025/09/24 18:20:43.549744 [INFO] Downloading: bucket: elasticbeanstalk-us-west-2-948638133244, object: resources/environments/e-etjenpq7cz/_runtime/versions/manifest_1758738021709, expected bucket owner: 948638133244
2025/09/24 18:20:43.586076 [INFO] Download successful148bytes downloaded
2025/09/24 18:20:43.586229 [INFO] Trying to read and parse version manifest...
2025/09/24 18:20:43.586382 [INFO] Executing instruction: stopSqsd
2025/09/24 18:20:43.586386 [INFO] This is a web server environment instance, skip stop sqsd daemon ...
2025/09/24 18:20:43.586389 [INFO] Executing instruction: StageApplication
2025/09/24 18:20:43.586391 [INFO] Recreating /var/app/staging/
2025/09/24 18:20:43.586441 [INFO] extracting /opt/elasticbeanstalk/deployment/app_source_bundle to /var/app/staging/
2025/09/24 18:20:43.586451 [INFO] Running command: /usr/bin/unzip -q -o /opt/elasticbeanstalk/deployment/app_source_bundle -d /var/app/staging/
2025/09/24 18:20:43.590861 [INFO] finished extracting /opt/elasticbeanstalk/deployment/app_source_bundle to /var/app/staging/ successfully
2025/09/24 18:20:43.591562 [INFO] Executing instruction: RunConfigDeployPreBuildHooks
2025/09/24 18:20:43.591581 [INFO] Executing platform hooks in .platform/confighooks/prebuild/
2025/09/24 18:20:43.591595 [INFO] The dir .platform/confighooks/prebuild/ does not exist
2025/09/24 18:20:43.591597 [INFO] Finished running scripts in /var/app/staging/.platform/confighooks/prebuild
2025/09/24 18:20:43.591601 [INFO] Executing instruction: Install customer specified node.js version
2025/09/24 18:20:43.591695 [INFO] Executing instruction: Use NPM to install dependencies
2025/09/24 18:20:43.591705 [INFO] use npm to install dependencies
2025/09/24 18:20:43.591723 [INFO] Getting npm verison
2025/09/24 18:20:43.591731 [INFO] Running command: npm --version
2025/09/24 18:20:43.828585 [INFO] 10.9.3

2025/09/24 18:20:43.828611 [INFO] Using npm v10
2025/09/24 18:20:43.828632 [INFO] Running command: /bin/su webapp -c npm --omit=dev install
2025/09/24 18:20:47.237157 [INFO] 
added 133 packages, and audited 134 packages in 3s

20 packages are looking for funding
  run `npm fund` for details

found 0 vulnerabilities

2025/09/24 18:20:47.237237 [INFO] Running command: /bin/su webapp -c npm --omit=dev rebuild
2025/09/24 18:20:48.042947 [INFO] rebuilt dependencies successfully

2025/09/24 18:20:48.042967 [INFO] Executing instruction: check Procfile
2025/09/24 18:20:48.042970 [INFO] checking Procfile
2025/09/24 18:20:48.042991 [INFO] no Procfile found, generating Procfile
2025/09/24 18:20:48.042994 [INFO] checking package.json file
2025/09/24 18:20:48.043004 [INFO] found package.json file, using npm to start application
2025/09/24 18:20:48.043232 [INFO] Executing instruction: configure X-Ray
2025/09/24 18:20:48.043241 [INFO] X-Ray is not enabled.
2025/09/24 18:20:48.043245 [INFO] Executing instruction: configure proxy server
2025/09/24 18:20:48.043263 [INFO] Recreating /var/proxy/staging/nginx
2025/09/24 18:20:48.052439 [INFO] Executing instruction: configure healthd specific proxy conf
2025/09/24 18:20:48.054738 [INFO] Running command: systemctl show -p PartOf healthd.service
2025/09/24 18:20:48.080455 [WARN] Warning: process healthd is already registered...
Deregistering the process ...
2025/09/24 18:20:48.080493 [INFO] Running command: systemctl show -p PartOf healthd.service
2025/09/24 18:20:48.089077 [INFO] Running command: systemctl is-active healthd.service
2025/09/24 18:20:48.096175 [INFO] Running command: systemctl show -p PartOf healthd.service
2025/09/24 18:20:48.104810 [INFO] Running command: systemctl stop healthd.service
2025/09/24 18:20:48.215448 [INFO] Running command: systemctl disable healthd.service
2025/09/24 18:20:48.523649 [INFO] Removed "/etc/systemd/system/multi-user.target.wants/healthd.service".

2025/09/24 18:20:48.523853 [INFO] Running command: systemctl daemon-reload
2025/09/24 18:20:48.808794 [INFO] Running command: systemctl reset-failed
2025/09/24 18:20:48.819622 [INFO] Running command: systemctl daemon-reload
2025/09/24 18:20:49.040831 [INFO] Running command: systemctl reset-failed
2025/09/24 18:20:49.048328 [INFO] Running command: systemctl is-enabled aws-eb.target
2025/09/24 18:20:49.056257 [INFO] Running command: systemctl enable aws-eb.target
2025/09/24 18:20:49.269101 [INFO] Running command: systemctl start aws-eb.target
2025/09/24 18:20:49.277054 [INFO] Running command: systemctl enable healthd.service
2025/09/24 18:20:49.524746 [INFO] Created symlink /etc/systemd/system/multi-user.target.wants/healthd.service → /etc/systemd/system/healthd.service.

2025/09/24 18:20:49.524778 [INFO] Running command: systemctl show -p PartOf healthd.service
2025/09/24 18:20:49.535708 [INFO] Running command: systemctl is-active healthd.service
2025/09/24 18:20:49.542820 [INFO] Running command: systemctl start healthd.service
2025/09/24 18:20:49.639834 [INFO] Copying file /opt/elasticbeanstalk/config/private/healthd/healthd_logformat.conf to /var/proxy/staging/nginx/conf.d/healthd_logformat.conf
2025/09/24 18:20:49.641077 [INFO] Copying file /opt/elasticbeanstalk/config/private/healthd/healthd_nginx.conf to /var/proxy/staging/nginx/conf.d/elasticbeanstalk/healthd.conf
2025/09/24 18:20:49.642289 [INFO] Executing instruction: GetSetupProxyLog
2025/09/24 18:20:49.642449 [INFO] Executing instruction: configure log streaming
2025/09/24 18:20:49.642456 [INFO] log streaming is not enabled
2025/09/24 18:20:49.642459 [INFO] disable log stream
2025/09/24 18:20:49.642474 [INFO] Running command: systemctl show -p PartOf amazon-cloudwatch-agent.service
2025/09/24 18:20:49.661699 [INFO] Running command: systemctl stop amazon-cloudwatch-agent.service
2025/09/24 18:20:49.679038 [INFO] Executing instruction: GetToggleForceRotate
2025/09/24 18:20:49.679065 [INFO] Checking if logs need forced rotation
2025/09/24 18:20:49.679085 [INFO] Running command: /opt/aws/bin/cfn-get-metadata -s arn:aws:cloudformation:us-west-2:948638133244:stack/awseb-e-etjenpq7cz-stack/50974de0-9972-11f0-8572-06f2200f3a75 -r AWSEBAutoScalingGroup --region us-west-2
2025/09/24 18:20:50.100894 [INFO] Running command: /opt/aws/bin/cfn-get-metadata -s arn:aws:cloudformation:us-west-2:948638133244:stack/awseb-e-etjenpq7cz-stack/50974de0-9972-11f0-8572-06f2200f3a75 -r AWSEBBeanstalkMetadata --region us-west-2
2025/09/24 18:20:50.481605 [INFO] Generating rsyslog config from Procfile
2025/09/24 18:20:50.483789 [INFO] Running command: systemctl restart rsyslog.service
2025/09/24 18:20:50.721013 [INFO] Executing instruction: PostBuildEbExtension
2025/09/24 18:20:50.721034 [INFO] Starting executing the config set Infra-EmbeddedPostBuild.
2025/09/24 18:20:50.721053 [INFO] Running command: /opt/aws/bin/cfn-init -s arn:aws:cloudformation:us-west-2:948638133244:stack/awseb-e-etjenpq7cz-stack/50974de0-9972-11f0-8572-06f2200f3a75 -r AWSEBAutoScalingGroup --region us-west-2 --configsets Infra-EmbeddedPostBuild
2025/09/24 18:20:51.031799 [INFO] Finished executing the config set Infra-EmbeddedPostBuild.

2025/09/24 18:20:51.031836 [INFO] Executing instruction: CleanEbExtensions
2025/09/24 18:20:51.031861 [INFO] Cleaned ebextensions subdirectories from app staging directory.
2025/09/24 18:20:51.031864 [INFO] Executing instruction: RunConfigDeployPreDeployHooks
2025/09/24 18:20:51.031887 [INFO] Executing platform hooks in .platform/confighooks/predeploy/
2025/09/24 18:20:51.031902 [INFO] The dir .platform/confighooks/predeploy/ does not exist
2025/09/24 18:20:51.031904 [INFO] Finished running scripts in /var/app/staging/.platform/confighooks/predeploy
2025/09/24 18:20:51.031909 [INFO] Executing instruction: stop X-Ray
2025/09/24 18:20:51.031912 [INFO] stop X-Ray ...
2025/09/24 18:20:51.031920 [INFO] Running command: systemctl show -p PartOf xray.service
2025/09/24 18:20:51.045671 [WARN] stopProcess Warning: process xray is not registered 
2025/09/24 18:20:51.045703 [INFO] Running command: systemctl stop xray.service
2025/09/24 18:20:51.060054 [INFO] Executing instruction: stop proxy
2025/09/24 18:20:51.060091 [INFO] Running command: systemctl show -p PartOf httpd.service
2025/09/24 18:20:51.073846 [WARN] deregisterProcess Warning: process httpd is not registered, skipping...

2025/09/24 18:20:51.073947 [INFO] Running command: systemctl show -p PartOf nginx.service
2025/09/24 18:20:51.086208 [INFO] Running command: systemctl is-active nginx.service
2025/09/24 18:20:51.094249 [INFO] Running command: systemctl show -p PartOf nginx.service
2025/09/24 18:20:51.103573 [INFO] Running command: systemctl stop nginx.service
2025/09/24 18:20:51.319871 [INFO] Running command: systemctl disable nginx.service
2025/09/24 18:20:51.572961 [INFO] Running command: systemctl daemon-reload
2025/09/24 18:20:51.825918 [INFO] Running command: systemctl reset-failed
2025/09/24 18:20:51.836818 [INFO] Executing instruction: FlipApplication
2025/09/24 18:20:51.836842 [INFO] Fetching environment variables...
2025/09/24 18:20:51.836853 [INFO] setting default port 8080 to application
2025/09/24 18:20:51.838920 [INFO] Purge old process...
2025/09/24 18:20:51.838982 [INFO] Running command: systemctl stop eb-app.target
2025/09/24 18:20:51.848436 [INFO] Running command: systemctl show -p ConsistsOf eb-app.target | cut -d= -f2
2025/09/24 18:20:51.858563 [INFO] web.service

2025/09/24 18:20:51.858586 [INFO] deregistering process: web
2025/09/24 18:20:51.858595 [INFO] Running command: systemctl show -p PartOf web.service
2025/09/24 18:20:51.868613 [INFO] Running command: systemctl is-active web.service
2025/09/24 18:20:51.875842 [INFO] Running command: systemctl disable web.service
2025/09/24 18:20:52.134877 [INFO] Removed "/etc/systemd/system/multi-user.target.wants/web.service".

2025/09/24 18:20:52.134954 [INFO] Running command: systemctl daemon-reload
2025/09/24 18:20:52.390344 [INFO] Running command: systemctl reset-failed
2025/09/24 18:20:52.398899 [INFO] Running command: systemctl is-active web.service
2025/09/24 18:20:52.406309 [INFO] Process web has been fully terminated
2025/09/24 18:20:52.406332 [INFO] All processes have been fully terminated
2025/09/24 18:20:52.406337 [INFO] Removing /var/app/current/ if it exists
2025/09/24 18:20:52.555793 [INFO] Renaming /var/app/staging/ to /var/app/current/
2025/09/24 18:20:52.555826 [INFO] Register application processes...
2025/09/24 18:20:52.555831 [INFO] Registering the proc: web

2025/09/24 18:20:52.555841 [INFO] Running command: systemctl show -p PartOf web.service
2025/09/24 18:20:52.572911 [INFO] Running command: systemctl daemon-reload
2025/09/24 18:20:52.778373 [INFO] Running command: systemctl reset-failed
2025/09/24 18:20:52.785589 [INFO] Running command: systemctl is-enabled eb-app.target
2025/09/24 18:20:52.792923 [INFO] Running command: systemctl enable eb-app.target
2025/09/24 18:20:53.032039 [INFO] Running command: systemctl start eb-app.target
2025/09/24 18:20:53.040217 [INFO] Running command: systemctl enable web.service
2025/09/24 18:20:53.304045 [INFO] Created symlink /etc/systemd/system/multi-user.target.wants/web.service → /etc/systemd/system/web.service.

2025/09/24 18:20:53.304079 [INFO] Running command: systemctl show -p PartOf web.service
2025/09/24 18:20:53.315273 [INFO] Running command: systemctl is-active web.service
2025/09/24 18:20:53.322376 [INFO] Running command: systemctl start web.service
2025/09/24 18:20:53.400883 [INFO] Executing instruction: start X-Ray
2025/09/24 18:20:53.400902 [INFO] X-Ray is not enabled.
2025/09/24 18:20:53.400907 [INFO] Executing instruction: start proxy with new configuration
2025/09/24 18:20:53.400932 [INFO] Running command: /usr/sbin/nginx -t -c /var/proxy/staging/nginx/nginx.conf
2025/09/24 18:20:53.428031 [INFO] nginx: [warn] could not build optimal types_hash, you should increase either types_hash_max_size: 1024 or types_hash_bucket_size: 64; ignoring types_hash_bucket_size
nginx: the configuration file /var/proxy/staging/nginx/nginx.conf syntax is ok
nginx: configuration file /var/proxy/staging/nginx/nginx.conf test is successful

2025/09/24 18:20:53.428398 [INFO] Running command: cp -rp /var/proxy/staging/nginx/* /etc/nginx
2025/09/24 18:20:53.432763 [INFO] Running command: systemctl show -p PartOf nginx.service
2025/09/24 18:20:53.454480 [INFO] Running command: systemctl daemon-reload
2025/09/24 18:20:53.860370 [INFO] Running command: systemctl reset-failed
2025/09/24 18:20:53.870654 [INFO] Running command: systemctl show -p PartOf nginx.service
2025/09/24 18:20:53.890097 [INFO] Running command: systemctl is-active nginx.service
2025/09/24 18:20:53.904583 [INFO] Running command: systemctl start nginx.service
2025/09/24 18:20:54.062924 [INFO] Executing instruction: configureSqsd
2025/09/24 18:20:54.062939 [INFO] This is a web server environment instance, skip configure sqsd daemon ...
2025/09/24 18:20:54.062942 [INFO] Executing instruction: startSqsd
2025/09/24 18:20:54.062945 [INFO] This is a web server environment instance, skip start sqsd daemon ...
2025/09/24 18:20:54.062947 [INFO] Executing instruction: Track pids in healthd
2025/09/24 18:20:54.062951 [INFO] This is an enhanced health env...
2025/09/24 18:20:54.062960 [INFO] Running command: systemctl show -p ConsistsOf aws-eb.target | cut -d= -f2
2025/09/24 18:20:54.075058 [INFO] cfn-hup.service healthd.service nginx.service

2025/09/24 18:20:54.075085 [INFO] Running command: systemctl show -p ConsistsOf eb-app.target | cut -d= -f2
2025/09/24 18:20:54.084922 [INFO] web.service

2025/09/24 18:20:54.085206 [INFO] Executing instruction: RunConfigDeployPostDeployHooks
2025/09/24 18:20:54.085269 [INFO] Executing platform hooks in .platform/confighooks/postdeploy/
2025/09/24 18:20:54.085281 [INFO] The dir .platform/confighooks/postdeploy/ does not exist
2025/09/24 18:20:54.085286 [INFO] Finished running scripts in /var/app/current/.platform/confighooks/postdeploy
2025/09/24 18:20:54.085290 [INFO] Executing cleanup logic
2025/09/24 18:20:54.085359 [INFO] CommandService Response: {"status":"SUCCESS","api_version":"1.0","results":[{"status":"SUCCESS","msg":"Engine execution has succeeded.","returncode":0,"events":[{"msg":"Instance deployment completed successfully.","timestamp":1758738054085,"severity":"INFO"}]}]}

2025/09/24 18:20:54.085506 [INFO] Platform Engine finished execution on command: config-deploy

2025/09/24 18:52:42.523426 [INFO] Starting...
2025/09/24 18:52:42.523482 [INFO] Starting EBPlatform-PlatformEngine
2025/09/24 18:52:42.523505 [INFO] reading event message file
2025/09/24 18:52:42.523944 [INFO] Engine received EB command cfn-hup-exec

2025/09/24 18:52:42.594900 [INFO] Running command: /opt/aws/bin/cfn-get-metadata -s arn:aws:cloudformation:us-west-2:948638133244:stack/awseb-e-etjenpq7cz-stack/50974de0-9972-11f0-8572-06f2200f3a75 -r AWSEBAutoScalingGroup --region us-west-2
2025/09/24 18:52:42.886735 [INFO] Running command: /opt/aws/bin/cfn-get-metadata -s arn:aws:cloudformation:us-west-2:948638133244:stack/awseb-e-etjenpq7cz-stack/50974de0-9972-11f0-8572-06f2200f3a75 -r AWSEBBeanstalkMetadata --region us-west-2
2025/09/24 18:52:43.179628 [INFO] checking whether command app-deploy is applicable to this instance...
2025/09/24 18:52:43.179640 [INFO] this command is applicable to the instance, thus instance should execute command
2025/09/24 18:52:43.179642 [INFO] Engine command: (app-deploy)

2025/09/24 18:52:43.179646 [INFO] Downloading EB Application...
2025/09/24 18:52:43.179648 [INFO] Region: us-west-2
2025/09/24 18:52:43.179650 [INFO] envID: e-etjenpq7cz
2025/09/24 18:52:43.179652 [INFO] envBucket: elasticbeanstalk-us-west-2-948638133244
2025/09/24 18:52:43.179654 [INFO] accountID: 948638133244
2025/09/24 18:52:43.179656 [INFO] Using manifest file name from command request
2025/09/24 18:52:43.179662 [INFO] Manifest name is : manifest_1758739960011
2025/09/24 18:52:43.179664 [INFO] Download app version manifest
2025/09/24 18:52:43.179836 [INFO] Downloading: bucket: elasticbeanstalk-us-west-2-948638133244, object: resources/environments/e-etjenpq7cz/_runtime/versions/manifest_1758739960011, expected bucket owner: 948638133244
2025/09/24 18:52:43.223769 [INFO] Download successful102bytes downloaded
2025/09/24 18:52:43.223925 [INFO] Trying to read and parse version manifest...
2025/09/24 18:52:43.224006 [INFO] Downloading: bucket: elasticbeanstalk-us-west-2-948638133244, object: resources/environments/e-etjenpq7cz/_runtime/_versions/solar/app-44ac-250925_002232513475, expected bucket owner: 948638133244
2025/09/24 18:52:43.244574 [INFO] Download successful29085bytes downloaded
2025/09/24 18:52:43.244850 [INFO] Executing instruction: ElectLeader
2025/09/24 18:52:43.244856 [INFO] Running leader election for instance i-04332c0061508fa1d...
2025/09/24 18:52:43.244859 [INFO] Calling the cfn-elect-cmd-leader to elect the command leader.
2025/09/24 18:52:43.244873 [INFO] Running command: /opt/aws/bin/cfn-elect-cmd-leader --stack arn:aws:cloudformation:us-west-2:948638133244:stack/awseb-e-etjenpq7cz-stack/50974de0-9972-11f0-8572-06f2200f3a75 --command-name ElasticBeanstalkCommand-AWSEBAutoScalingGroup --invocation-id 1543ac35-009a-431f-a346-7c39cedc2ac0 --listener-id i-04332c0061508fa1d --region us-west-2
2025/09/24 18:52:43.547939 [INFO] Instance is Leader.
2025/09/24 18:52:43.547992 [INFO] Executing instruction: stopSqsd
2025/09/24 18:52:43.547997 [INFO] This is a web server environment instance, skip stop sqsd daemon ...
2025/09/24 18:52:43.548001 [INFO] Executing instruction: PreBuildEbExtension
2025/09/24 18:52:43.548004 [INFO] Starting executing the config set Infra-EmbeddedPreBuild.
2025/09/24 18:52:43.548018 [INFO] Running command: /opt/aws/bin/cfn-init -s arn:aws:cloudformation:us-west-2:948638133244:stack/awseb-e-etjenpq7cz-stack/50974de0-9972-11f0-8572-06f2200f3a75 -r AWSEBAutoScalingGroup --region us-west-2 --configsets Infra-EmbeddedPreBuild
2025/09/24 18:52:43.853859 [INFO] Finished executing the config set Infra-EmbeddedPreBuild.

2025/09/24 18:52:43.853881 [INFO] Executing instruction: StageApplication
2025/09/24 18:52:43.853884 [INFO] Recreating /var/app/staging/
2025/09/24 18:52:43.853988 [INFO] extracting /opt/elasticbeanstalk/deployment/app_source_bundle to /var/app/staging/
2025/09/24 18:52:43.853999 [INFO] Running command: /usr/bin/unzip -q -o /opt/elasticbeanstalk/deployment/app_source_bundle -d /var/app/staging/
2025/09/24 18:52:43.858700 [INFO] finished extracting /opt/elasticbeanstalk/deployment/app_source_bundle to /var/app/staging/ successfully
2025/09/24 18:52:43.859301 [INFO] Executing instruction: RunAppDeployPreBuildHooks
2025/09/24 18:52:43.859320 [INFO] Executing platform hooks in .platform/hooks/prebuild/
2025/09/24 18:52:43.859335 [INFO] The dir .platform/hooks/prebuild/ does not exist
2025/09/24 18:52:43.859337 [INFO] Finished running scripts in /var/app/staging/.platform/hooks/prebuild
2025/09/24 18:52:43.859341 [INFO] Executing instruction: Install customer specified node.js version
2025/09/24 18:52:43.859435 [INFO] Executing instruction: Use NPM to install dependencies
2025/09/24 18:52:43.859445 [INFO] use npm to install dependencies
2025/09/24 18:52:43.859464 [INFO] Getting npm verison
2025/09/24 18:52:43.859470 [INFO] Running command: npm --version
2025/09/24 18:52:44.101089 [INFO] 10.9.3

2025/09/24 18:52:44.101119 [INFO] Using npm v10
2025/09/24 18:52:44.101139 [INFO] Running command: /bin/su webapp -c npm --omit=dev install
2025/09/24 18:52:47.606107 [INFO] 
added 133 packages, and audited 134 packages in 3s

20 packages are looking for funding
  run `npm fund` for details

found 0 vulnerabilities

2025/09/24 18:52:47.606137 [INFO] Running command: /bin/su webapp -c npm --omit=dev rebuild
2025/09/24 18:52:48.409440 [INFO] rebuilt dependencies successfully

2025/09/24 18:52:48.409483 [INFO] Executing instruction: check Procfile
2025/09/24 18:52:48.409487 [INFO] checking Procfile
2025/09/24 18:52:48.409509 [INFO] no Procfile found, generating Procfile
2025/09/24 18:52:48.409512 [INFO] checking package.json file
2025/09/24 18:52:48.409519 [INFO] found package.json file, using npm to start application
2025/09/24 18:52:48.409654 [INFO] Executing instruction: configure X-Ray
2025/09/24 18:52:48.409660 [INFO] X-Ray is not enabled.
2025/09/24 18:52:48.409662 [INFO] Executing instruction: configure proxy server
2025/09/24 18:52:48.409673 [INFO] Recreating /var/proxy/staging/nginx
2025/09/24 18:52:48.434917 [INFO] Executing instruction: configure healthd specific proxy conf
2025/09/24 18:52:48.437255 [INFO] Running command: systemctl show -p PartOf healthd.service
2025/09/24 18:52:48.450508 [WARN] Warning: process healthd is already registered...
Deregistering the process ...
2025/09/24 18:52:48.450535 [INFO] Running command: systemctl show -p PartOf healthd.service
2025/09/24 18:52:48.459341 [INFO] Running command: systemctl is-active healthd.service
2025/09/24 18:52:48.466827 [INFO] Running command: systemctl show -p PartOf healthd.service
2025/09/24 18:52:48.475291 [INFO] Running command: systemctl stop healthd.service
2025/09/24 18:52:48.555475 [INFO] Running command: systemctl disable healthd.service
2025/09/24 18:52:48.800871 [INFO] Removed "/etc/systemd/system/multi-user.target.wants/healthd.service".

2025/09/24 18:52:48.800997 [INFO] Running command: systemctl daemon-reload
2025/09/24 18:52:49.029060 [INFO] Running command: systemctl reset-failed
2025/09/24 18:52:49.063953 [INFO] Running command: systemctl daemon-reload
2025/09/24 18:52:49.334805 [INFO] Running command: systemctl reset-failed
2025/09/24 18:52:49.378542 [INFO] Running command: systemctl is-enabled aws-eb.target
2025/09/24 18:52:49.386205 [INFO] Running command: systemctl enable aws-eb.target
2025/09/24 18:52:49.576864 [INFO] Running command: systemctl start aws-eb.target
2025/09/24 18:52:49.584867 [INFO] Running command: systemctl enable healthd.service
2025/09/24 18:52:49.834690 [INFO] Created symlink /etc/systemd/system/multi-user.target.wants/healthd.service → /etc/systemd/system/healthd.service.

2025/09/24 18:52:49.834727 [INFO] Running command: systemctl show -p PartOf healthd.service
2025/09/24 18:52:49.845808 [INFO] Running command: systemctl is-active healthd.service
2025/09/24 18:52:49.853042 [INFO] Running command: systemctl start healthd.service
2025/09/24 18:52:49.941101 [INFO] Copying file /opt/elasticbeanstalk/config/private/healthd/healthd_logformat.conf to /var/proxy/staging/nginx/conf.d/healthd_logformat.conf
2025/09/24 18:52:49.942248 [INFO] Copying file /opt/elasticbeanstalk/config/private/healthd/healthd_nginx.conf to /var/proxy/staging/nginx/conf.d/elasticbeanstalk/healthd.conf
2025/09/24 18:52:49.943500 [INFO] Executing instruction: configure log streaming
2025/09/24 18:52:49.943511 [INFO] log streaming is not enabled
2025/09/24 18:52:49.943514 [INFO] disable log stream
2025/09/24 18:52:49.943526 [INFO] Running command: systemctl show -p PartOf amazon-cloudwatch-agent.service
2025/09/24 18:52:49.962518 [INFO] Running command: systemctl stop amazon-cloudwatch-agent.service
2025/09/24 18:52:49.979839 [INFO] Executing instruction: GetToggleForceRotate
2025/09/24 18:52:49.979865 [INFO] Checking if logs need forced rotation
2025/09/24 18:52:49.979884 [INFO] Running command: /opt/aws/bin/cfn-get-metadata -s arn:aws:cloudformation:us-west-2:948638133244:stack/awseb-e-etjenpq7cz-stack/50974de0-9972-11f0-8572-06f2200f3a75 -r AWSEBAutoScalingGroup --region us-west-2
2025/09/24 18:52:50.415267 [INFO] Running command: /opt/aws/bin/cfn-get-metadata -s arn:aws:cloudformation:us-west-2:948638133244:stack/awseb-e-etjenpq7cz-stack/50974de0-9972-11f0-8572-06f2200f3a75 -r AWSEBBeanstalkMetadata --region us-west-2
2025/09/24 18:52:50.810674 [INFO] Generating rsyslog config from Procfile
2025/09/24 18:52:50.813006 [INFO] Running command: systemctl restart rsyslog.service
2025/09/24 18:52:50.959188 [INFO] Executing instruction: PostBuildEbExtension
2025/09/24 18:52:50.959249 [INFO] Starting executing the config set Infra-EmbeddedPostBuild.
2025/09/24 18:52:50.959261 [INFO] Running command: /opt/aws/bin/cfn-init -s arn:aws:cloudformation:us-west-2:948638133244:stack/awseb-e-etjenpq7cz-stack/50974de0-9972-11f0-8572-06f2200f3a75 -r AWSEBAutoScalingGroup --region us-west-2 --configsets Infra-EmbeddedPostBuild
2025/09/24 18:52:51.269345 [INFO] Finished executing the config set Infra-EmbeddedPostBuild.

2025/09/24 18:52:51.269396 [INFO] Executing instruction: CleanEbExtensions
2025/09/24 18:52:51.269418 [INFO] Cleaned ebextensions subdirectories from app staging directory.
2025/09/24 18:52:51.269421 [INFO] Executing instruction: RunAppDeployPreDeployHooks
2025/09/24 18:52:51.269442 [INFO] Executing platform hooks in .platform/hooks/predeploy/
2025/09/24 18:52:51.269462 [INFO] The dir .platform/hooks/predeploy/ does not exist
2025/09/24 18:52:51.269465 [INFO] Finished running scripts in /var/app/staging/.platform/hooks/predeploy
2025/09/24 18:52:51.269470 [INFO] Executing instruction: stop X-Ray
2025/09/24 18:52:51.269479 [INFO] stop X-Ray ...
2025/09/24 18:52:51.269489 [INFO] Running command: systemctl show -p PartOf xray.service
2025/09/24 18:52:51.281622 [WARN] stopProcess Warning: process xray is not registered 
2025/09/24 18:52:51.281851 [INFO] Running command: systemctl stop xray.service
2025/09/24 18:52:51.293704 [INFO] Executing instruction: stop proxy
2025/09/24 18:52:51.293764 [INFO] Running command: systemctl show -p PartOf httpd.service
2025/09/24 18:52:51.306375 [WARN] deregisterProcess Warning: process httpd is not registered, skipping...

2025/09/24 18:52:51.306400 [INFO] Running command: systemctl show -p PartOf nginx.service
2025/09/24 18:52:51.317940 [INFO] Running command: systemctl is-active nginx.service
2025/09/24 18:52:51.325142 [INFO] Running command: systemctl show -p PartOf nginx.service
2025/09/24 18:52:51.333869 [INFO] Running command: systemctl stop nginx.service
2025/09/24 18:52:51.529997 [INFO] Running command: systemctl disable nginx.service
2025/09/24 18:52:51.766074 [INFO] Running command: systemctl daemon-reload
2025/09/24 18:52:52.066628 [INFO] Running command: systemctl reset-failed
2025/09/24 18:52:52.074754 [INFO] Executing instruction: FlipApplication
2025/09/24 18:52:52.074778 [INFO] Fetching environment variables...
2025/09/24 18:52:52.074789 [INFO] setting default port 8080 to application
2025/09/24 18:52:52.074948 [INFO] Purge old process...
2025/09/24 18:52:52.074968 [INFO] Running command: systemctl stop eb-app.target
2025/09/24 18:52:52.083546 [INFO] Running command: systemctl show -p ConsistsOf eb-app.target | cut -d= -f2
2025/09/24 18:52:52.093487 [INFO] web.service

2025/09/24 18:52:52.093510 [INFO] deregistering process: web
2025/09/24 18:52:52.093521 [INFO] Running command: systemctl show -p PartOf web.service
2025/09/24 18:52:52.103574 [INFO] Running command: systemctl is-active web.service
2025/09/24 18:52:52.110938 [INFO] Running command: systemctl disable web.service
2025/09/24 18:52:52.329004 [INFO] Removed "/etc/systemd/system/multi-user.target.wants/web.service".

2025/09/24 18:52:52.329079 [INFO] Running command: systemctl daemon-reload
2025/09/24 18:52:52.594493 [INFO] Running command: systemctl reset-failed
2025/09/24 18:52:52.602900 [INFO] Running command: systemctl is-active web.service
2025/09/24 18:52:52.610299 [INFO] Process web has been fully terminated
2025/09/24 18:52:52.610322 [INFO] All processes have been fully terminated
2025/09/24 18:52:52.610326 [INFO] Removing /var/app/current/ if it exists
2025/09/24 18:52:52.748892 [INFO] Renaming /var/app/staging/ to /var/app/current/
2025/09/24 18:52:52.748924 [INFO] Register application processes...
2025/09/24 18:52:52.748930 [INFO] Registering the proc: web

2025/09/24 18:52:52.748940 [INFO] Running command: systemctl show -p PartOf web.service
2025/09/24 18:52:52.772772 [INFO] Running command: systemctl daemon-reload
2025/09/24 18:52:53.023625 [INFO] Running command: systemctl reset-failed
2025/09/24 18:52:53.032870 [INFO] Running command: systemctl is-enabled eb-app.target
2025/09/24 18:52:53.040720 [INFO] Running command: systemctl enable eb-app.target
2025/09/24 18:52:53.274731 [INFO] Running command: systemctl start eb-app.target
2025/09/24 18:52:53.283938 [INFO] Running command: systemctl enable web.service
2025/09/24 18:52:53.532442 [INFO] Created symlink /etc/systemd/system/multi-user.target.wants/web.service → /etc/systemd/system/web.service.

2025/09/24 18:52:53.532474 [INFO] Running command: systemctl show -p PartOf web.service
2025/09/24 18:52:53.543601 [INFO] Running command: systemctl is-active web.service
2025/09/24 18:52:53.550973 [INFO] Running command: systemctl start web.service
2025/09/24 18:52:53.601977 [INFO] Executing instruction: start X-Ray
2025/09/24 18:52:53.601995 [INFO] X-Ray is not enabled.
2025/09/24 18:52:53.601999 [INFO] Executing instruction: start proxy with new configuration
2025/09/24 18:52:53.602023 [INFO] Running command: /usr/sbin/nginx -t -c /var/proxy/staging/nginx/nginx.conf
2025/09/24 18:52:53.627941 [INFO] nginx: [warn] could not build optimal types_hash, you should increase either types_hash_max_size: 1024 or types_hash_bucket_size: 64; ignoring types_hash_bucket_size
nginx: the configuration file /var/proxy/staging/nginx/nginx.conf syntax is ok
nginx: configuration file /var/proxy/staging/nginx/nginx.conf test is successful

2025/09/24 18:52:53.628214 [INFO] Running command: cp -rp /var/proxy/staging/nginx/* /etc/nginx
2025/09/24 18:52:53.632777 [INFO] Running command: systemctl show -p PartOf nginx.service
2025/09/24 18:52:53.654499 [INFO] Running command: systemctl daemon-reload
2025/09/24 18:52:54.042867 [INFO] Running command: systemctl reset-failed
2025/09/24 18:52:54.055122 [INFO] Running command: systemctl show -p PartOf nginx.service
2025/09/24 18:52:54.075233 [INFO] Running command: systemctl is-active nginx.service
2025/09/24 18:52:54.089822 [INFO] Running command: systemctl start nginx.service
2025/09/24 18:52:54.227230 [INFO] Executing instruction: configureSqsd
2025/09/24 18:52:54.227256 [INFO] This is a web server environment instance, skip configure sqsd daemon ...
2025/09/24 18:52:54.227259 [INFO] Executing instruction: startSqsd
2025/09/24 18:52:54.227262 [INFO] This is a web server environment instance, skip start sqsd daemon ...
2025/09/24 18:52:54.227266 [INFO] Executing instruction: Track pids in healthd
2025/09/24 18:52:54.227269 [INFO] This is an enhanced health env...
2025/09/24 18:52:54.227281 [INFO] Running command: systemctl show -p ConsistsOf aws-eb.target | cut -d= -f2
2025/09/24 18:52:54.242904 [INFO] healthd.service cfn-hup.service nginx.service

2025/09/24 18:52:54.242938 [INFO] Running command: systemctl show -p ConsistsOf eb-app.target | cut -d= -f2
2025/09/24 18:52:54.259459 [INFO] web.service

2025/09/24 18:52:54.259905 [INFO] Executing instruction: RunAppDeployPostDeployHooks
2025/09/24 18:52:54.260003 [INFO] Executing platform hooks in .platform/hooks/postdeploy/
2025/09/24 18:52:54.260023 [INFO] The dir .platform/hooks/postdeploy/ does not exist
2025/09/24 18:52:54.260027 [INFO] Finished running scripts in /var/app/current/.platform/hooks/postdeploy
2025/09/24 18:52:54.260034 [INFO] Executing cleanup logic
2025/09/24 18:52:54.260126 [INFO] CommandService Response: {"status":"SUCCESS","api_version":"1.0","results":[{"status":"SUCCESS","msg":"Engine execution has succeeded.","returncode":0,"events":[{"msg":"Instance deployment completed successfully.","timestamp":1758739974260,"severity":"INFO"}]}]}

2025/09/24 18:52:54.260299 [INFO] Platform Engine finished execution on command: app-deploy

2025/09/24 18:58:07.680043 [INFO] Starting...
2025/09/24 18:58:07.680094 [INFO] Starting EBPlatform-PlatformEngine
2025/09/24 18:58:07.680115 [INFO] reading event message file
2025/09/24 18:58:07.680420 [INFO] Engine received EB command cfn-hup-exec

2025/09/24 18:58:07.748589 [INFO] Running command: /opt/aws/bin/cfn-get-metadata -s arn:aws:cloudformation:us-west-2:948638133244:stack/awseb-e-etjenpq7cz-stack/50974de0-9972-11f0-8572-06f2200f3a75 -r AWSEBAutoScalingGroup --region us-west-2
2025/09/24 18:58:08.040880 [INFO] Running command: /opt/aws/bin/cfn-get-metadata -s arn:aws:cloudformation:us-west-2:948638133244:stack/awseb-e-etjenpq7cz-stack/50974de0-9972-11f0-8572-06f2200f3a75 -r AWSEBBeanstalkMetadata --region us-west-2
2025/09/24 18:58:08.341644 [INFO] checking whether command tail-log is applicable to this instance...
2025/09/24 18:58:08.341656 [INFO] this command is applicable to the instance, thus instance should execute command
2025/09/24 18:58:08.341659 [INFO] Engine command: (tail-log)

2025/09/24 18:58:08.341704 [INFO] Executing instruction: GetTailLogs
2025/09/24 18:58:08.341707 [INFO] Tail Logs...
2025/09/24 18:58:08.342112 [INFO] Running command: tail -n 100 /var/log/eb-engine.log
2025/09/24 18:58:08.344119 [INFO] Running command: tail -n 100 /var/log/eb-hooks.log
2025/09/24 18:58:08.346002 [INFO] Running command: tail -n 100 /var/log/nginx/access.log
2025/09/24 18:58:08.347642 [INFO] Running command: tail -n 100 /var/log/nginx/error.log
2025/09/24 18:58:08.349516 [INFO] Running command: tail -n 100 /var/log/web.stdout.log
2025/09/24 18:58:08.421680 [INFO] Executing cleanup logic
2025/09/24 18:58:08.421749 [INFO] CommandService Response: {"status":"SUCCESS","api_version":"1.0","results":[{"status":"SUCCESS","msg":"Engine execution has succeeded.","returncode":0,"events":[{"msg":"Instance deployment completed successfully.","timestamp":1758740288421,"severity":"INFO"}]}]}

2025/09/24 18:58:08.421763 [INFO] Platform Engine finished execution on command: tail-log

2025/09/24 18:59:51.694639 [INFO] Starting...
2025/09/24 18:59:51.694694 [INFO] Starting EBPlatform-PlatformEngine
2025/09/24 18:59:51.694716 [INFO] reading event message file
2025/09/24 18:59:51.695043 [INFO] Engine received EB command cfn-hup-exec

2025/09/24 18:59:51.981657 [INFO] Running command: /opt/aws/bin/cfn-get-metadata -s arn:aws:cloudformation:us-west-2:948638133244:stack/awseb-e-etjenpq7cz-stack/50974de0-9972-11f0-8572-06f2200f3a75 -r AWSEBAutoScalingGroup --region us-west-2
2025/09/24 18:59:52.274888 [INFO] Running command: /opt/aws/bin/cfn-get-metadata -s arn:aws:cloudformation:us-west-2:948638133244:stack/awseb-e-etjenpq7cz-stack/50974de0-9972-11f0-8572-06f2200f3a75 -r AWSEBBeanstalkMetadata --region us-west-2
2025/09/24 18:59:52.563298 [INFO] checking whether command app-deploy is applicable to this instance...
2025/09/24 18:59:52.563309 [INFO] this command is applicable to the instance, thus instance should execute command
2025/09/24 18:59:52.563311 [INFO] Engine command: (app-deploy)

2025/09/24 18:59:52.563315 [INFO] Downloading EB Application...
2025/09/24 18:59:52.563317 [INFO] Region: us-west-2
2025/09/24 18:59:52.563319 [INFO] envID: e-etjenpq7cz
2025/09/24 18:59:52.563321 [INFO] envBucket: elasticbeanstalk-us-west-2-948638133244
2025/09/24 18:59:52.563323 [INFO] accountID: 948638133244
2025/09/24 18:59:52.563326 [INFO] Using manifest file name from command request
2025/09/24 18:59:52.563331 [INFO] Manifest name is : manifest_1758740388616
2025/09/24 18:59:52.563332 [INFO] Download app version manifest
2025/09/24 18:59:52.563495 [INFO] Downloading: bucket: elasticbeanstalk-us-west-2-948638133244, object: resources/environments/e-etjenpq7cz/_runtime/versions/manifest_1758740388616, expected bucket owner: 948638133244
2025/09/24 18:59:52.602258 [INFO] Download successful102bytes downloaded
2025/09/24 18:59:52.602429 [INFO] Trying to read and parse version manifest...
2025/09/24 18:59:52.602504 [INFO] Downloading: bucket: elasticbeanstalk-us-west-2-948638133244, object: resources/environments/e-etjenpq7cz/_runtime/_versions/solar/app-44ac-250925_002940748284, expected bucket owner: 948638133244
2025/09/24 18:59:52.621755 [INFO] Download successful29085bytes downloaded
2025/09/24 18:59:52.621997 [INFO] Executing instruction: ElectLeader
2025/09/24 18:59:52.622004 [INFO] Running leader election for instance i-04332c0061508fa1d...
2025/09/24 18:59:52.622006 [INFO] Calling the cfn-elect-cmd-leader to elect the command leader.
2025/09/24 18:59:52.622017 [INFO] Running command: /opt/aws/bin/cfn-elect-cmd-leader --stack arn:aws:cloudformation:us-west-2:948638133244:stack/awseb-e-etjenpq7cz-stack/50974de0-9972-11f0-8572-06f2200f3a75 --command-name ElasticBeanstalkCommand-AWSEBAutoScalingGroup --invocation-id 72cfb258-5d9d-4584-8c6f-fd5262c9985f --listener-id i-04332c0061508fa1d --region us-west-2
2025/09/24 18:59:52.924251 [INFO] Instance is Leader.
2025/09/24 18:59:52.924289 [INFO] Executing instruction: stopSqsd
2025/09/24 18:59:52.924294 [INFO] This is a web server environment instance, skip stop sqsd daemon ...
2025/09/24 18:59:52.924297 [INFO] Executing instruction: PreBuildEbExtension
2025/09/24 18:59:52.924300 [INFO] Starting executing the config set Infra-EmbeddedPreBuild.
2025/09/24 18:59:52.924315 [INFO] Running command: /opt/aws/bin/cfn-init -s arn:aws:cloudformation:us-west-2:948638133244:stack/awseb-e-etjenpq7cz-stack/50974de0-9972-11f0-8572-06f2200f3a75 -r AWSEBAutoScalingGroup --region us-west-2 --configsets Infra-EmbeddedPreBuild
2025/09/24 18:59:53.229182 [INFO] Finished executing the config set Infra-EmbeddedPreBuild.

2025/09/24 18:59:53.229206 [INFO] Executing instruction: StageApplication
2025/09/24 18:59:53.229228 [INFO] Recreating /var/app/staging/
2025/09/24 18:59:53.229333 [INFO] extracting /opt/elasticbeanstalk/deployment/app_source_bundle to /var/app/staging/
2025/09/24 18:59:53.229345 [INFO] Running command: /usr/bin/unzip -q -o /opt/elasticbeanstalk/deployment/app_source_bundle -d /var/app/staging/
2025/09/24 18:59:53.233772 [INFO] finished extracting /opt/elasticbeanstalk/deployment/app_source_bundle to /var/app/staging/ successfully
2025/09/24 18:59:53.234367 [INFO] Executing instruction: RunAppDeployPreBuildHooks
2025/09/24 18:59:53.234386 [INFO] Executing platform hooks in .platform/hooks/prebuild/
2025/09/24 18:59:53.234401 [INFO] The dir .platform/hooks/prebuild/ does not exist
2025/09/24 18:59:53.234403 [INFO] Finished running scripts in /var/app/staging/.platform/hooks/prebuild
2025/09/24 18:59:53.234408 [INFO] Executing instruction: Install customer specified node.js version
2025/09/24 18:59:53.234504 [INFO] Executing instruction: Use NPM to install dependencies
2025/09/24 18:59:53.234515 [INFO] use npm to install dependencies
2025/09/24 18:59:53.234533 [INFO] Getting npm verison
2025/09/24 18:59:53.234540 [INFO] Running command: npm --version
2025/09/24 18:59:53.478750 [INFO] 10.9.3

2025/09/24 18:59:53.478786 [INFO] Using npm v10
2025/09/24 18:59:53.478804 [INFO] Running command: /bin/su webapp -c npm --omit=dev install
2025/09/24 18:59:57.000112 [INFO] 
added 133 packages, and audited 134 packages in 3s

20 packages are looking for funding
  run `npm fund` for details

found 0 vulnerabilities

2025/09/24 18:59:57.000169 [INFO] Running command: /bin/su webapp -c npm --omit=dev rebuild
2025/09/24 18:59:57.802537 [INFO] rebuilt dependencies successfully

2025/09/24 18:59:57.802559 [INFO] Executing instruction: check Procfile
2025/09/24 18:59:57.802563 [INFO] checking Procfile
2025/09/24 18:59:57.802579 [INFO] no Procfile found, generating Procfile
2025/09/24 18:59:57.802581 [INFO] checking package.json file
2025/09/24 18:59:57.802594 [INFO] found package.json file, using npm to start application
2025/09/24 18:59:57.802726 [INFO] Executing instruction: configure X-Ray
2025/09/24 18:59:57.802732 [INFO] X-Ray is not enabled.
2025/09/24 18:59:57.802736 [INFO] Executing instruction: configure proxy server
2025/09/24 18:59:57.802749 [INFO] Recreating /var/proxy/staging/nginx
2025/09/24 18:59:57.827375 [INFO] Executing instruction: configure healthd specific proxy conf
2025/09/24 18:59:57.829579 [INFO] Running command: systemctl show -p PartOf healthd.service
2025/09/24 18:59:57.841291 [WARN] Warning: process healthd is already registered...
Deregistering the process ...
2025/09/24 18:59:57.841332 [INFO] Running command: systemctl show -p PartOf healthd.service
2025/09/24 18:59:57.850282 [INFO] Running command: systemctl is-active healthd.service
2025/09/24 18:59:57.857701 [INFO] Running command: systemctl show -p PartOf healthd.service
2025/09/24 18:59:57.866335 [INFO] Running command: systemctl stop healthd.service
2025/09/24 18:59:57.965991 [INFO] Running command: systemctl disable healthd.service
2025/09/24 18:59:58.230871 [INFO] Removed "/etc/systemd/system/multi-user.target.wants/healthd.service".

2025/09/24 18:59:58.231083 [INFO] Running command: systemctl daemon-reload
2025/09/24 18:59:58.499421 [INFO] Running command: systemctl reset-failed
2025/09/24 18:59:58.510258 [INFO] Running command: systemctl daemon-reload
2025/09/24 18:59:58.769693 [INFO] Running command: systemctl reset-failed
2025/09/24 18:59:58.777245 [INFO] Running command: systemctl is-enabled aws-eb.target
2025/09/24 18:59:58.785656 [INFO] Running command: systemctl enable aws-eb.target
2025/09/24 18:59:59.036285 [INFO] Running command: systemctl start aws-eb.target
2025/09/24 18:59:59.045265 [INFO] Running command: systemctl enable healthd.service
2025/09/24 18:59:59.276161 [INFO] Created symlink /etc/systemd/system/multi-user.target.wants/healthd.service → /etc/systemd/system/healthd.service.

2025/09/24 18:59:59.276194 [INFO] Running command: systemctl show -p PartOf healthd.service
2025/09/24 18:59:59.287136 [INFO] Running command: systemctl is-active healthd.service
2025/09/24 18:59:59.294411 [INFO] Running command: systemctl start healthd.service
2025/09/24 18:59:59.384751 [INFO] Copying file /opt/elasticbeanstalk/config/private/healthd/healthd_logformat.conf to /var/proxy/staging/nginx/conf.d/healthd_logformat.conf
2025/09/24 18:59:59.385793 [INFO] Copying file /opt/elasticbeanstalk/config/private/healthd/healthd_nginx.conf to /var/proxy/staging/nginx/conf.d/elasticbeanstalk/healthd.conf
2025/09/24 18:59:59.386774 [INFO] Executing instruction: configure log streaming
2025/09/24 18:59:59.386784 [INFO] log streaming is not enabled
2025/09/24 18:59:59.386786 [INFO] disable log stream
2025/09/24 18:59:59.386797 [INFO] Running command: systemctl show -p PartOf amazon-cloudwatch-agent.service
2025/09/24 18:59:59.398763 [INFO] Running command: systemctl stop amazon-cloudwatch-agent.service
2025/09/24 18:59:59.410547 [INFO] Executing instruction: GetToggleForceRotate
2025/09/24 18:59:59.410570 [INFO] Checking if logs need forced rotation
2025/09/24 18:59:59.410582 [INFO] Running command: /opt/aws/bin/cfn-get-metadata -s arn:aws:cloudformation:us-west-2:948638133244:stack/awseb-e-etjenpq7cz-stack/50974de0-9972-11f0-8572-06f2200f3a75 -r AWSEBAutoScalingGroup --region us-west-2
2025/09/24 18:59:59.712970 [INFO] Running command: /opt/aws/bin/cfn-get-metadata -s arn:aws:cloudformation:us-west-2:948638133244:stack/awseb-e-etjenpq7cz-stack/50974de0-9972-11f0-8572-06f2200f3a75 -r AWSEBBeanstalkMetadata --region us-west-2
2025/09/24 19:00:00.020839 [INFO] Generating rsyslog config from Procfile
2025/09/24 19:00:00.022964 [INFO] Running command: systemctl restart rsyslog.service
2025/09/24 19:00:00.257106 [INFO] Executing instruction: PostBuildEbExtension
2025/09/24 19:00:00.257135 [INFO] Starting executing the config set Infra-EmbeddedPostBuild.
2025/09/24 19:00:00.257154 [INFO] Running command: /opt/aws/bin/cfn-init -s arn:aws:cloudformation:us-west-2:948638133244:stack/awseb-e-etjenpq7cz-stack/50974de0-9972-11f0-8572-06f2200f3a75 -r AWSEBAutoScalingGroup --region us-west-2 --configsets Infra-EmbeddedPostBuild
2025/09/24 19:00:00.770909 [INFO] Finished executing the config set Infra-EmbeddedPostBuild.

2025/09/24 19:00:00.770937 [INFO] Executing instruction: CleanEbExtensions
2025/09/24 19:00:00.770964 [INFO] Cleaned ebextensions subdirectories from app staging directory.
2025/09/24 19:00:00.770968 [INFO] Executing instruction: RunAppDeployPreDeployHooks
2025/09/24 19:00:00.770995 [INFO] Executing platform hooks in .platform/hooks/predeploy/
2025/09/24 19:00:00.771019 [INFO] The dir .platform/hooks/predeploy/ does not exist
2025/09/24 19:00:00.771023 [INFO] Finished running scripts in /var/app/staging/.platform/hooks/predeploy
2025/09/24 19:00:00.771039 [INFO] Executing instruction: stop X-Ray
2025/09/24 19:00:00.771042 [INFO] stop X-Ray ...
2025/09/24 19:00:00.771053 [INFO] Running command: systemctl show -p PartOf xray.service
2025/09/24 19:00:00.800257 [WARN] stopProcess Warning: process xray is not registered 
2025/09/24 19:00:00.800293 [INFO] Running command: systemctl stop xray.service
2025/09/24 19:00:00.816833 [INFO] Executing instruction: stop proxy
2025/09/24 19:00:00.816908 [INFO] Running command: systemctl show -p PartOf httpd.service
2025/09/24 19:00:00.831327 [WARN] deregisterProcess Warning: process httpd is not registered, skipping...

2025/09/24 19:00:00.831363 [INFO] Running command: systemctl show -p PartOf nginx.service
2025/09/24 19:00:00.843457 [INFO] Running command: systemctl is-active nginx.service
2025/09/24 19:00:00.852003 [INFO] Running command: systemctl show -p PartOf nginx.service
2025/09/24 19:00:00.861445 [INFO] Running command: systemctl stop nginx.service
2025/09/24 19:00:01.135039 [INFO] Running command: systemctl disable nginx.service
2025/09/24 19:00:01.884685 [INFO] Running command: systemctl daemon-reload
2025/09/24 19:00:02.749089 [INFO] Running command: systemctl reset-failed
2025/09/24 19:00:02.768621 [INFO] Executing instruction: FlipApplication
2025/09/24 19:00:02.768653 [INFO] Fetching environment variables...
2025/09/24 19:00:02.768665 [INFO] setting default port 8080 to application
2025/09/24 19:00:02.768839 [INFO] Purge old process...
2025/09/24 19:00:02.768862 [INFO] Running command: systemctl stop eb-app.target
2025/09/24 19:00:02.789756 [INFO] Running command: systemctl show -p ConsistsOf eb-app.target | cut -d= -f2
2025/09/24 19:00:02.816855 [INFO] web.service

2025/09/24 19:00:02.816885 [INFO] deregistering process: web
2025/09/24 19:00:02.816902 [INFO] Running command: systemctl show -p PartOf web.service
2025/09/24 19:00:02.848666 [INFO] Running command: systemctl is-active web.service
2025/09/24 19:00:02.873960 [INFO] Running command: systemctl disable web.service
2025/09/24 19:00:03.388160 [INFO] Removed "/etc/systemd/system/multi-user.target.wants/web.service".

2025/09/24 19:00:03.388253 [INFO] Running command: systemctl daemon-reload
2025/09/24 19:00:03.991771 [INFO] Running command: systemctl reset-failed
2025/09/24 19:00:04.000681 [INFO] Running command: systemctl is-active web.service
2025/09/24 19:00:04.008679 [INFO] Process web has been fully terminated
2025/09/24 19:00:04.008705 [INFO] All processes have been fully terminated
2025/09/24 19:00:04.008709 [INFO] Removing /var/app/current/ if it exists
2025/09/24 19:00:04.295457 [INFO] Renaming /var/app/staging/ to /var/app/current/
2025/09/24 19:00:04.295490 [INFO] Register application processes...
2025/09/24 19:00:04.295499 [INFO] Registering the proc: web

2025/09/24 19:00:04.295509 [INFO] Running command: systemctl show -p PartOf web.service
2025/09/24 19:00:04.329289 [INFO] Running command: systemctl daemon-reload
2025/09/24 19:00:04.758480 [INFO] Running command: systemctl reset-failed
2025/09/24 19:00:04.768130 [INFO] Running command: systemctl is-enabled eb-app.target
2025/09/24 19:00:04.777242 [INFO] Running command: systemctl enable eb-app.target
2025/09/24 19:00:05.113525 [INFO] Running command: systemctl start eb-app.target
2025/09/24 19:00:05.134432 [INFO] Running command: systemctl enable web.service
2025/09/24 19:00:05.592671 [INFO] Created symlink /etc/systemd/system/multi-user.target.wants/web.service → /etc/systemd/system/web.service.

2025/09/24 19:00:05.592710 [INFO] Running command: systemctl show -p PartOf web.service
2025/09/24 19:00:05.614182 [INFO] Running command: systemctl is-active web.service
2025/09/24 19:00:05.624214 [INFO] Running command: systemctl start web.service
2025/09/24 19:00:05.689422 [INFO] Executing instruction: start X-Ray
2025/09/24 19:00:05.689457 [INFO] X-Ray is not enabled.
2025/09/24 19:00:05.689462 [INFO] Executing instruction: start proxy with new configuration
2025/09/24 19:00:05.689489 [INFO] Running command: /usr/sbin/nginx -t -c /var/proxy/staging/nginx/nginx.conf
2025/09/24 19:00:05.712950 [INFO] nginx: [warn] could not build optimal types_hash, you should increase either types_hash_max_size: 1024 or types_hash_bucket_size: 64; ignoring types_hash_bucket_size
nginx: the configuration file /var/proxy/staging/nginx/nginx.conf syntax is ok
nginx: configuration file /var/proxy/staging/nginx/nginx.conf test is successful

2025/09/24 19:00:05.713275 [INFO] Running command: cp -rp /var/proxy/staging/nginx/* /etc/nginx
2025/09/24 19:00:05.717984 [INFO] Running command: systemctl show -p PartOf nginx.service
2025/09/24 19:00:05.740438 [INFO] Running command: systemctl daemon-reload
2025/09/24 19:00:06.177475 [INFO] Running command: systemctl reset-failed
2025/09/24 19:00:06.188068 [INFO] Running command: systemctl show -p PartOf nginx.service
2025/09/24 19:00:06.204740 [INFO] Running command: systemctl is-active nginx.service
2025/09/24 19:00:06.222520 [INFO] Running command: systemctl start nginx.service
2025/09/24 19:00:06.393160 [INFO] Executing instruction: configureSqsd
2025/09/24 19:00:06.393186 [INFO] This is a web server environment instance, skip configure sqsd daemon ...
2025/09/24 19:00:06.393190 [INFO] Executing instruction: startSqsd
2025/09/24 19:00:06.393194 [INFO] This is a web server environment instance, skip start sqsd daemon ...
2025/09/24 19:00:06.393203 [INFO] Executing instruction: Track pids in healthd
2025/09/24 19:00:06.393207 [INFO] This is an enhanced health env...
2025/09/24 19:00:06.393219 [INFO] Running command: systemctl show -p ConsistsOf aws-eb.target | cut -d= -f2
2025/09/24 19:00:06.409213 [INFO] cfn-hup.service healthd.service nginx.service

2025/09/24 19:00:06.409260 [INFO] Running command: systemctl show -p ConsistsOf eb-app.target | cut -d= -f2
2025/09/24 19:00:06.429319 [INFO] web.service

2025/09/24 19:00:06.429709 [INFO] Executing instruction: RunAppDeployPostDeployHooks
2025/09/24 19:00:06.429871 [INFO] Executing platform hooks in .platform/hooks/postdeploy/
2025/09/24 19:00:06.429892 [INFO] The dir .platform/hooks/postdeploy/ does not exist
2025/09/24 19:00:06.429896 [INFO] Finished running scripts in /var/app/current/.platform/hooks/postdeploy
2025/09/24 19:00:06.429903 [INFO] Executing cleanup logic
2025/09/24 19:00:06.429995 [INFO] CommandService Response: {"status":"SUCCESS","api_version":"1.0","results":[{"status":"SUCCESS","msg":"Engine execution has succeeded.","returncode":0,"events":[{"msg":"Instance deployment completed successfully.","timestamp":1758740406429,"severity":"INFO"}]}]}

2025/09/24 19:00:06.431132 [INFO] Platform Engine finished execution on command: app-deploy

2025/09/24 19:01:31.377735 [INFO] Starting...
2025/09/24 19:01:31.377792 [INFO] Starting EBPlatform-PlatformEngine
2025/09/24 19:01:31.377812 [INFO] reading event message file
2025/09/24 19:01:31.378107 [INFO] Engine received EB command cfn-hup-exec

2025/09/24 19:01:31.455334 [INFO] Running command: /opt/aws/bin/cfn-get-metadata -s arn:aws:cloudformation:us-west-2:948638133244:stack/awseb-e-etjenpq7cz-stack/50974de0-9972-11f0-8572-06f2200f3a75 -r AWSEBAutoScalingGroup --region us-west-2
2025/09/24 19:01:31.751239 [INFO] Running command: /opt/aws/bin/cfn-get-metadata -s arn:aws:cloudformation:us-west-2:948638133244:stack/awseb-e-etjenpq7cz-stack/50974de0-9972-11f0-8572-06f2200f3a75 -r AWSEBBeanstalkMetadata --region us-west-2
2025/09/24 19:01:32.029856 [INFO] checking whether command bundle-log is applicable to this instance...
2025/09/24 19:01:32.029872 [INFO] this command is applicable to the instance, thus instance should execute command
2025/09/24 19:01:32.029878 [INFO] Engine command: (bundle-log)

2025/09/24 19:01:32.029924 [INFO] Executing instruction: GetBundleLogs
2025/09/24 19:01:32.029928 [INFO] Bundle Logs...
