2025-09-24 18:15:25,965 [INFO] -----------------------Starting build-----------------------
2025-09-24 18:15:25,970 [INFO] Running configSets: _OnInstanceBoot
2025-09-24 18:15:25,972 [INFO] Running configSet _OnInstanceBoot
2025-09-24 18:15:25,974 [INFO] Running config AWSEBBaseConfig
2025-09-24 18:15:26,182 [INFO] Command clearbackupfiles succeeded
2025-09-24 18:15:26,185 [INFO] Running config AWSEBCfnHupEndpointOverride
2025-09-24 18:15:26,189 [INFO] Command clearbackupfiles succeeded
2025-09-24 18:15:26,190 [INFO] ConfigSets completed
2025-09-24 18:15:26,191 [INFO] -----------------------Build complete-----------------------
2025-09-24 18:17:26,142 [INFO] -----------------------Starting build-----------------------
2025-09-24 18:17:26,147 [INFO] Running configSets: Infra-EmbeddedPreBuild
2025-09-24 18:17:26,149 [INFO] Running configSet Infra-EmbeddedPreBuild
2025-09-24 18:17:26,150 [INFO] ConfigSets completed
2025-09-24 18:17:26,150 [INFO] -----------------------Build complete-----------------------
2025-09-24 18:17:39,786 [INFO] -----------------------Starting build-----------------------
2025-09-24 18:17:39,791 [INFO] Running configSets: Infra-EmbeddedPostBuild
2025-09-24 18:17:39,793 [INFO] Running configSet Infra-EmbeddedPostBuild
2025-09-24 18:17:39,793 [INFO] ConfigSets completed
2025-09-24 18:17:39,793 [INFO] -----------------------Build complete-----------------------
2025-09-24 18:20:50,994 [INFO] -----------------------Starting build-----------------------
2025-09-24 18:20:50,998 [INFO] Running configSets: Infra-EmbeddedPostBuild
2025-09-24 18:20:51,001 [INFO] Running configSet Infra-EmbeddedPostBuild
2025-09-24 18:20:51,001 [INFO] ConfigSets completed
2025-09-24 18:20:51,001 [INFO] -----------------------Build complete-----------------------
2025-09-24 18:52:43,816 [INFO] -----------------------Starting build-----------------------
2025-09-24 18:52:43,821 [INFO] Running configSets: Infra-EmbeddedPreBuild
2025-09-24 18:52:43,823 [INFO] Running configSet Infra-EmbeddedPreBuild
2025-09-24 18:52:43,824 [INFO] ConfigSets completed
2025-09-24 18:52:43,824 [INFO] -----------------------Build complete-----------------------
2025-09-24 18:52:51,233 [INFO] -----------------------Starting build-----------------------
2025-09-24 18:52:51,238 [INFO] Running configSets: Infra-EmbeddedPostBuild
2025-09-24 18:52:51,240 [INFO] Running configSet Infra-EmbeddedPostBuild
2025-09-24 18:52:51,240 [INFO] ConfigSets completed
2025-09-24 18:52:51,240 [INFO] -----------------------Build complete-----------------------
2025-09-24 18:59:53,191 [INFO] -----------------------Starting build-----------------------
2025-09-24 18:59:53,196 [INFO] Running configSets: Infra-EmbeddedPreBuild
2025-09-24 18:59:53,198 [INFO] Running configSet Infra-EmbeddedPreBuild
2025-09-24 18:59:53,198 [INFO] ConfigSets completed
2025-09-24 18:59:53,199 [INFO] -----------------------Build complete-----------------------
2025-09-24 19:00:00,693 [INFO] -----------------------Starting build-----------------------
2025-09-24 19:00:00,705 [INFO] Running configSets: Infra-EmbeddedPostBuild
2025-09-24 19:00:00,709 [INFO] Running configSet Infra-EmbeddedPostBuild
2025-09-24 19:00:00,710 [INFO] ConfigSets completed
2025-09-24 19:00:00,710 [INFO] -----------------------Build complete-----------------------
