2025-09-24 18:15:25,972 P1654 [INFO] ************************************************************
2025-09-24 18:15:25,972 P1654 [INFO] ConfigSet _OnInstanceBoot
2025-09-24 18:15:25,974 P1654 [INFO] ++++++++++++++++++++++++++++++++++++++++++++++++++++++++++++
2025-09-24 18:15:25,974 P1654 [INFO] Config AWSEBBaseConfig
2025-09-24 18:15:26,172 P1654 [INFO] ============================================================
2025-09-24 18:15:26,172 P1654 [INFO] Command clearbackupfiles
2025-09-24 18:15:26,181 P1654 [INFO] Completed successfully.
2025-09-24 18:15:26,185 P1654 [INFO] ++++++++++++++++++++++++++++++++++++++++++++++++++++++++++++
2025-09-24 18:15:26,185 P1654 [INFO] Config AWSEBCfnHupEndpointOverride
2025-09-24 18:15:26,185 P1654 [INFO] ============================================================
2025-09-24 18:15:26,186 P1654 [INFO] Command clearbackupfiles
2025-09-24 18:15:26,189 P1654 [INFO] Completed successfully.
2025-09-24 18:17:26,149 P1916 [INFO] ************************************************************
2025-09-24 18:17:26,149 P1916 [INFO] ConfigSet Infra-EmbeddedPreBuild
2025-09-24 18:17:39,793 P2126 [INFO] ************************************************************
2025-09-24 18:17:39,793 P2126 [INFO] ConfigSet Infra-EmbeddedPostBuild
2025-09-24 18:20:51,001 P2773 [INFO] ************************************************************
2025-09-24 18:20:51,001 P2773 [INFO] ConfigSet Infra-EmbeddedPostBuild
2025-09-24 18:52:43,824 P4327 [INFO] ************************************************************
2025-09-24 18:52:43,824 P4327 [INFO] ConfigSet Infra-EmbeddedPreBuild
2025-09-24 18:52:51,240 P4606 [INFO] ************************************************************
2025-09-24 18:52:51,240 P4606 [INFO] ConfigSet Infra-EmbeddedPostBuild
2025-09-24 18:59:53,198 P5257 [INFO] ************************************************************
2025-09-24 18:59:53,198 P5257 [INFO] ConfigSet Infra-EmbeddedPreBuild
2025-09-24 19:00:00,709 P5535 [INFO] ************************************************************
2025-09-24 19:00:00,710 P5535 [INFO] ConfigSet Infra-EmbeddedPostBuild
